<?xml version="1.0" encoding="UTF-8"?>
<!-- Generated by org.testng.reporters.JUnitXMLReporter -->
<testsuite hostname="Sumiths-MBP-2.attlocal.net" ignored="0" name="Default test" tests="2" failures="0" timestamp="2021-10-13T10:41:13 CDT" time="12.659" errors="0">
  <testcase name="homepageNavigation" time="7.901" classname="Application.SampleProject.HomePage"/>
  <testcase name="homepageNavigation" time="2.807" classname="Application.SampleProject.HomePage"/>
</testsuite> <!-- Default test -->
