<?xml version="1.0" encoding="UTF-8"?>
<!-- Generated by org.testng.reporters.JUnitXMLReporter -->
<testsuite hostname="Sumiths-MBP-2.attlocal.net" ignored="0" name="Check login scenarios" tests="2" failures="0" timestamp="2021-10-13T10:40:16 CDT" time="16.342" errors="0">
  <testcase name="homepageNavigation" time="10.352" classname="Application.SampleProject.HomePage"/>
  <testcase name="homepageNavigation" time="3.341" classname="Application.SampleProject.HomePage"/>
</testsuite> <!-- Check login scenarios -->
