<?xml version="1.0" encoding="UTF-8"?>
<!-- Generated by org.testng.reporters.JUnitXMLReporter -->
<testsuite hostname="Sumiths-MBP-2.attlocal.net" ignored="0" name="Test" tests="4" failures="0" timestamp="2021-10-04T10:21:37 CDT" time="38.576" errors="0">
  <testcase name="homepageNavigation" time="7.877" classname="Application.SampleProject.ValidateMainMenu"/>
  <testcase name="homepageNavigation" time="7.483" classname="Application.SampleProject.validateTitle"/>
  <testcase name="homepageNavigation" time="11.083" classname="Application.SampleProject.homePage"/>
  <testcase name="homepageNavigation" time="12.081" classname="Application.SampleProject.homePage"/>
</testsuite> <!-- Test -->
