<?xml version="1.0" encoding="UTF-8"?>
<!-- Generated by org.testng.reporters.JUnitXMLReporter -->
<testsuite hostname="Sumiths-MBP-2.attlocal.net" ignored="0" name="Validate Title" tests="3" failures="0" timestamp="2021-10-12T22:53:14 CDT" time="9.426" errors="0">
  <testcase name="homepageNavigation" time="5.802" classname="Application.SampleProject.ValidateMainMenu"/>
  <testcase name="homepageNavigation" time="6.648" classname="Application.SampleProject.validateTitle"/>
  <testcase name="verifyHeader" time="0.036" classname="Application.SampleProject.validateTitle"/>
</testsuite> <!-- Validate Title -->
