<?xml version="1.0" encoding="UTF-8"?>
<!-- Generated by org.testng.reporters.JUnitXMLReporter -->
<testsuite hostname="Sumiths-MBP-2.attlocal.net" ignored="0" name="Validate Main Menu" tests="3" failures="0" timestamp="2021-10-13T10:40:10 CDT" time="9.259" errors="0">
  <testcase name="homepageNavigation" time="5.065" classname="Application.SampleProject.validateTitle"/>
  <testcase name="verifyHeader" time="0.068" classname="Application.SampleProject.validateTitle"/>
  <testcase name="homepageNavigation" time="6.335" classname="Application.SampleProject.ValidateMainMenu"/>
</testsuite> <!-- Validate Main Menu -->
