<?xml version="1.0" encoding="UTF-8"?>
<!-- Generated by org.testng.reporters.JUnitXMLReporter -->
<testsuite hostname="Sumiths-MBP-2.attlocal.net" ignored="0" name="Check login scenarios" tests="2" failures="0" timestamp="2021-10-13T11:02:43 CDT" time="18.758" errors="0">
  <testcase name="homepageNavigation" time="12.538" classname="Application.SampleProject.LoginScenarios"/>
  <testcase name="homepageNavigation" time="3.117" classname="Application.SampleProject.LoginScenarios"/>
</testsuite> <!-- Check login scenarios -->
