<?xml version="1.0" encoding="UTF-8"?>
<!-- Generated by org.testng.reporters.JUnitXMLReporter -->
<testsuite hostname="Sumiths-MBP-2.attlocal.net" ignored="0" name="Test" tests="4" failures="0" timestamp="2021-10-05T11:21:37 CDT" time="37.981" errors="0">
  <testcase name="homepageNavigation" time="8.651" classname="Application.SampleProject.ValidateMainMenu"/>
  <testcase name="homepageNavigation" time="8.243" classname="Application.SampleProject.validateTitle"/>
  <testcase name="homepageNavigation" time="10.732" classname="Application.SampleProject.homePage"/>
  <testcase name="homepageNavigation" time="10.314" classname="Application.SampleProject.homePage"/>
</testsuite> <!-- Test -->
