<?xml version="1.0" encoding="UTF-8"?>
<!-- Generated by org.testng.reporters.JUnitXMLReporter -->
<testsuite hostname="Sumiths-MBP-2.attlocal.net" ignored="0" name="Validate Main Menu" tests="3" failures="0" timestamp="2021-10-13T11:02:34 CDT" time="9.681" errors="0">
  <testcase name="homepageNavigation" time="5.274" classname="Application.SampleProject.validateTitle"/>
  <testcase name="verifyHeader" time="0.031" classname="Application.SampleProject.validateTitle"/>
  <testcase name="homepageNavigation" time="6.573" classname="Application.SampleProject.ValidateMainMenu"/>
</testsuite> <!-- Validate Main Menu -->
