<?xml version="1.0" encoding="UTF-8"?>
<testng-results skipped="0" failed="0" ignored="0" total="3" passed="3">
  <reporter-output>
  </reporter-output>
  <suite name="Suite" duration-ms="18758" started-at="2021-10-13T11:02:24 CDT" finished-at="2021-10-13T11:02:43 CDT">
    <groups>
    </groups>
    <test name="Validate Main Menu" duration-ms="9681" started-at="2021-10-13T11:02:24 CDT" finished-at="2021-10-13T11:02:34 CDT">
      <class name="Application.SampleProject.ValidateMainMenu">
        <test-method status="PASS" signature="openBrowser()[pri:0, instance:Application.SampleProject.ValidateMainMenu@17fc391b]" name="openBrowser" is-config="true" duration-ms="2949" started-at="2021-10-13T11:02:24 CDT" finished-at="2021-10-13T11:02:27 CDT">
          <reporter-output>
          </reporter-output>
        </test-method> <!-- openBrowser -->
        <test-method status="PASS" signature="homepageNavigation()[pri:0, instance:Application.SampleProject.ValidateMainMenu@17fc391b]" name="homepageNavigation" duration-ms="6573" started-at="2021-10-13T11:02:27 CDT" finished-at="2021-10-13T11:02:33 CDT">
          <reporter-output>
          </reporter-output>
        </test-method> <!-- homepageNavigation -->
        <test-method status="PASS" signature="browserClose()[pri:0, instance:Application.SampleProject.ValidateMainMenu@17fc391b]" name="browserClose" is-config="true" duration-ms="125" started-at="2021-10-13T11:02:33 CDT" finished-at="2021-10-13T11:02:34 CDT">
          <reporter-output>
          </reporter-output>
        </test-method> <!-- browserClose -->
      </class> <!-- Application.SampleProject.ValidateMainMenu -->
    </test> <!-- Validate Main Menu -->
    <test name="Check login scenarios" duration-ms="18758" started-at="2021-10-13T11:02:24 CDT" finished-at="2021-10-13T11:02:43 CDT">
      <class name="Application.SampleProject.LoginScenarios">
        <test-method status="PASS" signature="openBrowser()[pri:0, instance:Application.SampleProject.LoginScenarios@1a245833]" name="openBrowser" is-config="true" duration-ms="2949" started-at="2021-10-13T11:02:24 CDT" finished-at="2021-10-13T11:02:27 CDT">
          <reporter-output>
          </reporter-output>
        </test-method> <!-- openBrowser -->
        <test-method status="PASS" signature="homepageNavigation(java.lang.String, java.lang.String)[pri:0, instance:Application.SampleProject.LoginScenarios@1a245833]" name="homepageNavigation" duration-ms="12538" started-at="2021-10-13T11:02:27 CDT" data-provider="getData" finished-at="2021-10-13T11:02:39 CDT">
          <params>
            <param index="0">
              <value>
                <![CDATA[abc@gmail.com]]>
              </value>
            </param>
            <param index="1">
              <value>
                <![CDATA[1234]]>
              </value>
            </param>
          </params>
          <reporter-output>
          </reporter-output>
        </test-method> <!-- homepageNavigation -->
        <test-method status="PASS" signature="homepageNavigation(java.lang.String, java.lang.String)[pri:0, instance:Application.SampleProject.LoginScenarios@1a245833]" name="homepageNavigation" duration-ms="3117" started-at="2021-10-13T11:02:39 CDT" data-provider="getData" finished-at="2021-10-13T11:02:43 CDT">
          <params>
            <param index="0">
              <value>
                <![CDATA[qwe@gmail.com]]>
              </value>
            </param>
            <param index="1">
              <value>
                <![CDATA[3214]]>
              </value>
            </param>
          </params>
          <reporter-output>
          </reporter-output>
        </test-method> <!-- homepageNavigation -->
        <test-method status="PASS" signature="browserClose()[pri:0, instance:Application.SampleProject.LoginScenarios@1a245833]" name="browserClose" is-config="true" duration-ms="118" started-at="2021-10-13T11:02:43 CDT" finished-at="2021-10-13T11:02:43 CDT">
          <reporter-output>
          </reporter-output>
        </test-method> <!-- browserClose -->
      </class> <!-- Application.SampleProject.LoginScenarios -->
    </test> <!-- Check login scenarios -->
  </suite> <!-- Suite -->
</testng-results>
