<?xml version="1.0" encoding="UTF-8"?>
<testsuite xmlns:xsi="http://www.w3.org/2001/XMLSchema-instance" xsi:noNamespaceSchemaLocation="https://maven.apache.org/surefire/maven-surefire-plugin/xsd/surefire-test-report-3.0.xsd" version="3.0" name="TestSuite" time="19.748" tests="5" errors="0" skipped="0" failures="0">
  <properties>
[...]
</properties>
  <testcase name="homepageNavigation" classname="Application.SampleProject.validateTitle" time="5.222">
    <system-err><![CDATA[SSSttataratrirtntgii nCnghgr o CmCehDhrrriovoemmree DD9rr4ii.vve0re. r49 6490.460...6014. 640(664061..866b17 18(f 45(1883b874818b7f8e5f85d38038b8e1edcd060b9b1b1cbc66499ebb5bb144eeea5015e21a5e0221a5720127151828155474919181555-4r-9e1rf5es-f/rbesrf/asnb/crbhr-anhacehan-dchse/ha4-d6hs0e/64a@6{d0#s61/@2{40#46}10)62 0o@4n{ }#p)1o2 r0ot4n } 2p4)o5 r8ot2n 
2 O5np8lo7yr 8tl
o Ocn2al5ly  6l6coo5cna
nlO encclotynin oenlcsot icaoranels   acalorleno nweaedlc.lto
iwPoednl.se
 Paasrleee  aaslseleeo  wsehedte.t 
phPltset:p/sa://sc/ehc hrsoremoe emhedtdrtrpiisvv:ee/rr/..ccchhhrrrooommmeiiduurmmi..vooerrrgg.//csshreeoccmuuirruiim.ttoyyr--gcc/osonescinduserriiadtteiyor-nasct oifoonrns si sdfueogrgr eassttuiigoognnesss  ftooirno  nsksue geogpnei snktgei eoCpnhsir noognm  ekCeDhrreiopvmeiren Dgsr aiCfvhreeo.rm
e Dsriavfeer .s
afe.
CCChhrrhoormmoeeDDmrreiiDvvreeirrv  ewwraas  wssa tssa trsattreatdre tdse usdcu csceuccscesefssusslffluuyll.ll
y.y
.
Oct 13, 2021 11:02:27 AM org.openqa.selenium.remote.ProtocolHandshake createSession
INFO: Detected dialect: W3C
Oct 13, 2021 11:02:27 AM org.openqa.selenium.remote.ProtocolHandshake createSession
INFO: Detected dialect: W3C
Oct 13, 2021 11:02:27 AM org.openqa.selenium.remote.ProtocolHandshake createSession
INFO: Detected dialect: W3C
]]></system-err>
  </testcase>
  <testcase name="verifyHeader" classname="Application.SampleProject.validateTitle" time="0.03"/>
  <testcase name="homepageNavigation" classname="Application.SampleProject.ValidateMainMenu" time="1.289"/>
  <testcase name="homepageNavigation[abc@gmail.com, 1234](1)" classname="Application.SampleProject.LoginScenarios" time="7.255"/>
  <testcase name="homepageNavigation[qwe@gmail.com, 3214](2)" classname="Application.SampleProject.LoginScenarios" time="3.118"/>
</testsuite>