<?xml version="1.0" encoding="UTF-8"?>
<testng-results skipped="0" failed="0" ignored="0" total="2" passed="2">
  <reporter-output>
  </reporter-output>
  <suite name="Default suite" duration-ms="12659" started-at="2021-10-13T10:41:01 CDT" finished-at="2021-10-13T10:41:13 CDT">
    <groups>
    </groups>
    <test name="Default test" duration-ms="12659" started-at="2021-10-13T10:41:01 CDT" finished-at="2021-10-13T10:41:13 CDT">
      <class name="Application.SampleProject.HomePage">
        <test-method status="PASS" signature="openBrowser()[pri:0, instance:Application.SampleProject.HomePage@5b94b04d]" name="openBrowser" is-config="true" duration-ms="1794" started-at="2021-10-13T10:41:01 CDT" finished-at="2021-10-13T10:41:02 CDT">
          <reporter-output>
          </reporter-output>
        </test-method> <!-- openBrowser -->
        <test-method status="PASS" signature="homepageNavigation(java.lang.String, java.lang.String)[pri:0, instance:Application.SampleProject.HomePage@5b94b04d]" name="homepageNavigation" duration-ms="7901" started-at="2021-10-13T10:41:03 CDT" data-provider="getData" finished-at="2021-10-13T10:41:10 CDT">
          <params>
            <param index="0">
              <value>
                <![CDATA[abc@gmail.com]]>
              </value>
            </param>
            <param index="1">
              <value>
                <![CDATA[1234]]>
              </value>
            </param>
          </params>
          <reporter-output>
          </reporter-output>
        </test-method> <!-- homepageNavigation -->
        <test-method status="PASS" signature="homepageNavigation(java.lang.String, java.lang.String)[pri:0, instance:Application.SampleProject.HomePage@5b94b04d]" name="homepageNavigation" duration-ms="2807" started-at="2021-10-13T10:41:10 CDT" data-provider="getData" finished-at="2021-10-13T10:41:13 CDT">
          <params>
            <param index="0">
              <value>
                <![CDATA[qwe@gmail.com]]>
              </value>
            </param>
            <param index="1">
              <value>
                <![CDATA[3214]]>
              </value>
            </param>
          </params>
          <reporter-output>
          </reporter-output>
        </test-method> <!-- homepageNavigation -->
        <test-method status="PASS" signature="browserClose()[pri:0, instance:Application.SampleProject.HomePage@5b94b04d]" name="browserClose" is-config="true" duration-ms="121" started-at="2021-10-13T10:41:13 CDT" finished-at="2021-10-13T10:41:13 CDT">
          <reporter-output>
          </reporter-output>
        </test-method> <!-- browserClose -->
      </class> <!-- Application.SampleProject.HomePage -->
    </test> <!-- Default test -->
  </suite> <!-- Default suite -->
</testng-results>
